2024.06.25 01:13:44 INFO  Database: jdbc:h2:file:D:\UCSC\Year 2\Semester 1\Functional Programming\Scala_practicals\.metals\metals (H2 2.2)
2024.06.25 01:13:44 WARN  Flyway upgrade recommended: H2 2.2.224 is newer than this version of Flyway and support has not been tested. The latest supported version of H2 is 2.2.220.
2024.06.25 01:13:44 INFO  Schema history table "PUBLIC"."flyway_schema_history" does not exist yet
2024.06.25 01:13:44 INFO  Successfully validated 6 migrations (execution time 00:00.004s)
2024.06.25 01:13:44 INFO  Creating Schema History table "PUBLIC"."flyway_schema_history" ...
2024.06.25 01:13:44 INFO  Current version of schema "PUBLIC": << Empty Schema >>
2024.06.25 01:13:44 INFO  Migrating schema "PUBLIC" to version "1 - Create tables"
2024.06.25 01:13:44 INFO  Migrating schema "PUBLIC" to version "2 - Server discovery"
2024.06.25 01:13:44 INFO  Migrating schema "PUBLIC" to version "3 - Jar symbols"
2024.06.25 01:13:44 INFO  Migrating schema "PUBLIC" to version "4 - Fingerprints"
2024.06.25 01:13:44 INFO  Migrating schema "PUBLIC" to version "5 - Jar type hierarchy"
2024.06.25 01:13:44 INFO  Migrating schema "PUBLIC" to version "6 - Delete indices"
2024.06.25 01:13:44 INFO  Successfully applied 6 migrations to schema "PUBLIC", now at version v6 (execution time 00:00.023s)
2024.06.25 01:13:44 INFO  no build target found for D:\UCSC\Year 2\Semester 1\Functional Programming\Scala\practical2\src\main\scala\Main.scala. Using presentation compiler with project's scala-library version: 3.3.3
2024.06.25 01:13:44 INFO  no build target found for D:\UCSC\Year 2\Semester 1\Functional Programming\Scala\practical2\build.sbt. Using presentation compiler with project's scala-library version: 3.3.3
2024.06.25 01:13:45 INFO  no build target found for D:\UCSC\Year 2\Semester 1\Functional Programming\Scala\practical1\src\main\scala\q4.scala. Using presentation compiler with project's scala-library version: 3.3.3
2024.06.25 01:15:55 INFO  no build target found for D:\UCSC\Year 2\Semester 1\Functional Programming\Scala\practical2\src\main\scala\q4.scala. Using presentation compiler with project's scala-library version: 3.3.3
2024.06.25 01:19:02 INFO  no build target found for D:\UCSC\Year 2\Semester 1\Functional Programming\Scala_practicals\practical2\src\main\scala\q1.scala. Using presentation compiler with project's scala-library version: 3.3.3
2024.06.25 01:19:03 WARN  Could not find semantic tokens for: file:///D:/UCSC/Year%202/Semester%201/Functional%20Programming/Scala_practicals/practical2/src/main/scala/q1.scala
2024.06.25 01:19:05 INFO  no build target found for D:\UCSC\Year 2\Semester 1\Functional Programming\Scala\practical2\src\main\scala\q3.scala. Using presentation compiler with project's scala-library version: 3.3.3
2024.06.25 01:19:13 INFO  no build target found for D:\UCSC\Year 2\Semester 1\Functional Programming\Scala_practicals\practical2\src\main\scala\q2.scala. Using presentation compiler with project's scala-library version: 3.3.3
2024.06.25 01:19:13 WARN  Could not find semantic tokens for: file:///D:/UCSC/Year%202/Semester%201/Functional%20Programming/Scala_practicals/practical2/src/main/scala/q2.scala
2024.06.25 01:19:19 INFO  no build target found for D:\UCSC\Year 2\Semester 1\Functional Programming\Scala_practicals\practical2\src\main\scala\q3.scala. Using presentation compiler with project's scala-library version: 3.3.3
2024.06.25 01:19:19 WARN  Could not find semantic tokens for: file:///D:/UCSC/Year%202/Semester%201/Functional%20Programming/Scala_practicals/practical2/src/main/scala/q3.scala
2024.06.25 01:19:27 INFO  no build target found for D:\UCSC\Year 2\Semester 1\Functional Programming\Scala_practicals\practical2\src\main\scala\q4.scala. Using presentation compiler with project's scala-library version: 3.3.3
2024.06.25 01:19:27 WARN  Could not find semantic tokens for: file:///D:/UCSC/Year%202/Semester%201/Functional%20Programming/Scala_practicals/practical2/src/main/scala/q4.scala
2024.06.25 01:19:39 INFO  no build target found for D:\UCSC\Year 2\Semester 1\Functional Programming\Scala_practicals\practical2\src\main\scala\q1.scala. Using presentation compiler with project's scala-library version: 3.3.3
2024.06.25 01:19:39 WARN  Could not find semantic tokens for: file:///D:/UCSC/Year%202/Semester%201/Functional%20Programming/Scala_practicals/practical2/src/main/scala/q1.scala
2024.06.25 01:19:49 INFO  no build target found for D:\UCSC\Year 2\Semester 1\Functional Programming\Scala\practical2\src\main\scala\q1.scala. Using presentation compiler with project's scala-library version: 3.3.3
2024.06.25 01:19:50 INFO  no build target found for D:\UCSC\Year 2\Semester 1\Functional Programming\Scala\practical2\src\main\scala\q1.scala. Using presentation compiler with project's scala-library version: 3.3.3
2024.06.25 01:19:51 INFO  no build target found for D:\UCSC\Year 2\Semester 1\Functional Programming\Scala\practical2\src\main\scala\q1.scala. Using presentation compiler with project's scala-library version: 3.3.3
2024.06.25 01:19:55 INFO  no build target found for D:\UCSC\Year 2\Semester 1\Functional Programming\Scala\practical2\src\main\scala\q1.scala. Using presentation compiler with project's scala-library version: 3.3.3
2024.06.25 01:20:03 INFO  no build target found for D:\UCSC\Year 2\Semester 1\Functional Programming\Scala_practicals\practical2\src\main\scala\q1.scala. Using presentation compiler with project's scala-library version: 3.3.3
2024.06.25 01:20:03 WARN  Could not find semantic tokens for: file:///D:/UCSC/Year%202/Semester%201/Functional%20Programming/Scala_practicals/practical2/src/main/scala/q1.scala
2024.06.25 01:20:03 INFO  no build target found for D:\UCSC\Year 2\Semester 1\Functional Programming\Scala_practicals\practical2\src\main\scala\q1.scala. Using presentation compiler with project's scala-library version: 3.3.3
2024.06.25 01:20:03 INFO  no build target found for D:\UCSC\Year 2\Semester 1\Functional Programming\Scala_practicals\practical2\src\main\scala\q1.scala. Using presentation compiler with project's scala-library version: 3.3.3
2024.06.25 01:20:04 INFO  no build target found for D:\UCSC\Year 2\Semester 1\Functional Programming\Scala_practicals\practical2\src\main\scala\q1.scala. Using presentation compiler with project's scala-library version: 3.3.3
2024.06.25 01:20:04 WARN  no build target for: D:\UCSC\Year 2\Semester 1\Functional Programming\Scala_practicals\practical2\src\main\scala\q1.scala
2024.06.25 01:20:05 INFO  no build target found for D:\UCSC\Year 2\Semester 1\Functional Programming\Scala_practicals\practical2\src\main\scala\q1.scala. Using presentation compiler with project's scala-library version: 3.3.3
2024.06.25 01:20:07 INFO  no build target found for D:\UCSC\Year 2\Semester 1\Functional Programming\Scala\practical2\src\main\scala\q2.scala. Using presentation compiler with project's scala-library version: 3.3.3
2024.06.25 01:20:08 INFO  no build target found for D:\UCSC\Year 2\Semester 1\Functional Programming\Scala\practical2\src\main\scala\q2.scala. Using presentation compiler with project's scala-library version: 3.3.3
2024.06.25 01:20:10 INFO  no build target found for D:\UCSC\Year 2\Semester 1\Functional Programming\Scala_practicals\practical2\src\main\scala\q2.scala. Using presentation compiler with project's scala-library version: 3.3.3
2024.06.25 01:20:10 WARN  Could not find semantic tokens for: file:///D:/UCSC/Year%202/Semester%201/Functional%20Programming/Scala_practicals/practical2/src/main/scala/q2.scala
2024.06.25 01:20:11 INFO  no build target found for D:\UCSC\Year 2\Semester 1\Functional Programming\Scala_practicals\practical2\src\main\scala\q2.scala. Using presentation compiler with project's scala-library version: 3.3.3
2024.06.25 01:20:12 INFO  no build target found for D:\UCSC\Year 2\Semester 1\Functional Programming\Scala_practicals\practical2\src\main\scala\q2.scala. Using presentation compiler with project's scala-library version: 3.3.3
2024.06.25 01:20:12 WARN  no build target for: D:\UCSC\Year 2\Semester 1\Functional Programming\Scala_practicals\practical2\src\main\scala\q2.scala
2024.06.25 01:20:12 INFO  no build target found for D:\UCSC\Year 2\Semester 1\Functional Programming\Scala_practicals\practical2\src\main\scala\q2.scala. Using presentation compiler with project's scala-library version: 3.3.3
2024.06.25 01:20:12 INFO  no build target found for D:\UCSC\Year 2\Semester 1\Functional Programming\Scala_practicals\practical2\src\main\scala\q2.scala. Using presentation compiler with project's scala-library version: 3.3.3
2024.06.25 01:20:14 INFO  no build target found for D:\UCSC\Year 2\Semester 1\Functional Programming\Scala_practicals\practical2\src\main\scala\q3.scala. Using presentation compiler with project's scala-library version: 3.3.3
2024.06.25 01:20:14 WARN  Could not find semantic tokens for: file:///D:/UCSC/Year%202/Semester%201/Functional%20Programming/Scala_practicals/practical2/src/main/scala/q3.scala
2024.06.25 01:20:17 INFO  no build target found for D:\UCSC\Year 2\Semester 1\Functional Programming\Scala\practical2\src\main\scala\q4.scala. Using presentation compiler with project's scala-library version: 3.3.3
2024.06.25 01:20:17 INFO  no build target found for D:\UCSC\Year 2\Semester 1\Functional Programming\Scala\practical2\src\main\scala\q3.scala. Using presentation compiler with project's scala-library version: 3.3.3
2024.06.25 01:20:17 INFO  no build target found for D:\UCSC\Year 2\Semester 1\Functional Programming\Scala\practical2\src\main\scala\q3.scala. Using presentation compiler with project's scala-library version: 3.3.3
2024.06.25 01:20:18 INFO  no build target found for D:\UCSC\Year 2\Semester 1\Functional Programming\Scala\practical2\src\main\scala\q3.scala. Using presentation compiler with project's scala-library version: 3.3.3
2024.06.25 01:20:22 INFO  no build target found for D:\UCSC\Year 2\Semester 1\Functional Programming\Scala_practicals\practical2\src\main\scala\q3.scala. Using presentation compiler with project's scala-library version: 3.3.3
2024.06.25 01:20:22 WARN  Could not find semantic tokens for: file:///D:/UCSC/Year%202/Semester%201/Functional%20Programming/Scala_practicals/practical2/src/main/scala/q3.scala
2024.06.25 01:20:23 INFO  no build target found for D:\UCSC\Year 2\Semester 1\Functional Programming\Scala_practicals\practical2\src\main\scala\q3.scala. Using presentation compiler with project's scala-library version: 3.3.3
2024.06.25 01:20:23 INFO  no build target found for D:\UCSC\Year 2\Semester 1\Functional Programming\Scala_practicals\practical2\src\main\scala\q3.scala. Using presentation compiler with project's scala-library version: 3.3.3
2024.06.25 01:20:24 WARN  no build target for: D:\UCSC\Year 2\Semester 1\Functional Programming\Scala_practicals\practical2\src\main\scala\q3.scala
2024.06.25 01:20:23 INFO  no build target found for D:\UCSC\Year 2\Semester 1\Functional Programming\Scala_practicals\practical2\src\main\scala\q3.scala. Using presentation compiler with project's scala-library version: 3.3.3
2024.06.25 01:20:24 INFO  no build target found for D:\UCSC\Year 2\Semester 1\Functional Programming\Scala_practicals\practical2\src\main\scala\q3.scala. Using presentation compiler with project's scala-library version: 3.3.3
2024.06.25 01:20:25 INFO  no build target found for D:\UCSC\Year 2\Semester 1\Functional Programming\Scala\practical2\src\main\scala\q4.scala. Using presentation compiler with project's scala-library version: 3.3.3
2024.06.25 01:20:29 INFO  no build target found for D:\UCSC\Year 2\Semester 1\Functional Programming\Scala_practicals\practical2\src\main\scala\q4.scala. Using presentation compiler with project's scala-library version: 3.3.3
2024.06.25 01:20:29 WARN  Could not find semantic tokens for: file:///D:/UCSC/Year%202/Semester%201/Functional%20Programming/Scala_practicals/practical2/src/main/scala/q4.scala
2024.06.25 01:20:30 INFO  no build target found for D:\UCSC\Year 2\Semester 1\Functional Programming\Scala_practicals\practical2\src\main\scala\q4.scala. Using presentation compiler with project's scala-library version: 3.3.3
2024.06.25 01:20:30 INFO  no build target found for D:\UCSC\Year 2\Semester 1\Functional Programming\Scala_practicals\practical2\src\main\scala\q4.scala. Using presentation compiler with project's scala-library version: 3.3.3
2024.06.25 01:20:31 WARN  no build target for: D:\UCSC\Year 2\Semester 1\Functional Programming\Scala_practicals\practical2\src\main\scala\q4.scala
2024.06.25 01:20:31 INFO  no build target found for D:\UCSC\Year 2\Semester 1\Functional Programming\Scala_practicals\practical2\src\main\scala\q4.scala. Using presentation compiler with project's scala-library version: 3.3.3
2024.06.25 01:20:31 INFO  no build target found for D:\UCSC\Year 2\Semester 1\Functional Programming\Scala_practicals\practical2\src\main\scala\q4.scala. Using presentation compiler with project's scala-library version: 3.3.3
